<?xml version="1.0" encoding="UTF-8"?>
<!-- Generated by org.testng.reporters.JUnitReportReporter -->
<testsuite hostname="LAPTOP-4DLLPSLF" failures="0" tests="1" name="Interview.Maven.Excel" time="0.620" errors="0" timestamp="2024-12-22T19:26:02 IST" skipped="0">
  <testcase classname="Interview.Maven.Excel" name="f" time="0.620"/>
  <system-out/>
</testsuite> <!-- Interview.Maven.Excel -->
