<?xml version="1.0" encoding="UTF-8"?>
<!-- Generated by org.testng.reporters.JUnitReportReporter -->
<testsuite hostname="LAPTOP-4DLLPSLF" failures="0" tests="1" name="Interview.Maven.Table" time="12.547" errors="0" timestamp="2024-12-22T16:01:06 IST" skipped="0">
  <testcase classname="Interview.Maven.Table" name="f" time="12.547"/>
  <system-out/>
</testsuite> <!-- Interview.Maven.Table -->
