<?xml version="1.0" encoding="UTF-8"?>
<!-- Generated by org.testng.reporters.JUnitReportReporter -->
<testsuite hostname="LAPTOP-4DLLPSLF" failures="0" tests="1" name="Interview.Maven.NewTest" time="41.833" errors="0" timestamp="2025-10-20T12:16:01 IST" skipped="0">
  <testcase classname="Interview.Maven.NewTest" name="f" time="41.833"/>
  <system-out/>
</testsuite> <!-- Interview.Maven.NewTest -->
