<?xml version="1.0" encoding="UTF-8"?>
<!-- Generated by org.testng.reporters.JUnitReportReporter -->
<testsuite hostname="LAPTOP-4DLLPSLF" failures="0" tests="1" name="Interview.Maven.NewTest" time="48.428" errors="0" timestamp="2025-10-28T22:14:45 IST" skipped="0">
  <testcase classname="Interview.Maven.NewTest" name="f" time="48.428"/>
  <system-out/>
</testsuite> <!-- Interview.Maven.NewTest -->
