<?xml version="1.0" encoding="UTF-8"?>
<!-- Generated by org.testng.reporters.JUnitReportReporter -->
<testsuite hostname="LAPTOP-4DLLPSLF" failures="0" tests="1" name="Interview.Maven.NewTest" time="35.942" errors="0" timestamp="2025-03-29T22:06:54 IST" skipped="0">
  <testcase classname="Interview.Maven.NewTest" name="f" time="35.942"/>
  <system-out/>
</testsuite> <!-- Interview.Maven.NewTest -->
